<?xml version="1.0" encoding="UTF-8"?>
<!-- Generated by org.testng.reporters.JUnitReportReporter -->
<testsuite hostname="Yashoda" failures="0" tests="1" name="systemscenerios.Amazon_Project.TestCase1_Login_cart_logout" time="36.498" errors="0" timestamp="2025-01-21T21:40:06 IST" skipped="0">
  <testcase classname="systemscenerios.Amazon_Project.TestCase1_Login_cart_logout" name="login_cart_logout" time="36.498"/>
  <system-out/>
</testsuite> <!-- systemscenerios.Amazon_Project.TestCase1_Login_cart_logout -->
