<?xml version="1.0" encoding="UTF-8"?>
<!-- Generated by org.testng.reporters.JUnitReportReporter -->
<testsuite hostname="Yashoda" failures="0" tests="1" name="systemscenerios.Amazon_Project.TestCase4_Login_Search_product_cart_add_remove" time="37.368" errors="0" timestamp="2025-01-22T15:43:04 IST" skipped="0">
  <testcase classname="systemscenerios.Amazon_Project.TestCase4_Login_Search_product_cart_add_remove" name="wishlist_logout" time="37.368"/>
  <system-out/>
</testsuite> <!-- systemscenerios.Amazon_Project.TestCase4_Login_Search_product_cart_add_remove -->
