<?xml version="1.0" encoding="UTF-8"?>
<!-- Generated by org.testng.reporters.JUnitReportReporter -->
<testsuite hostname="Yashoda" failures="0" tests="1" name="systemscenerios.Amazon_Project.TestCase5_Login_Search_product_cart_add_remove" time="73.151" errors="0" timestamp="2025-01-23T22:24:27 IST" skipped="0">
  <testcase classname="systemscenerios.Amazon_Project.TestCase5_Login_Search_product_cart_add_remove" name="addtocart_logout" time="73.151"/>
  <system-out/>
</testsuite> <!-- systemscenerios.Amazon_Project.TestCase5_Login_Search_product_cart_add_remove -->
