<?xml version="1.0" encoding="UTF-8"?>
<!-- Generated by org.testng.reporters.JUnitReportReporter -->
<testsuite hostname="Yashoda" failures="0" tests="1" name="testngprograms.broken_links" time="97.246" errors="0" timestamp="2025-01-07T22:14:55 IST" skipped="0">
  <testcase classname="testngprograms.broken_links" name="alllinks" time="97.246"/>
  <system-out/>
</testsuite> <!-- testngprograms.broken_links -->
