<?xml version="1.0" encoding="UTF-8"?>
<!-- Generated by org.testng.reporters.JUnitReportReporter -->
<testsuite hostname="Yashoda" failures="0" tests="3" name="testngprograms.Assignment_171" time="0.014" errors="0" timestamp="2025-01-06T21:34:41 IST" skipped="0">
  <testcase classname="testngprograms.Assignment_171" name="Test1" time="0.005"/>
  <system-out/>
  <testcase classname="testngprograms.Assignment_171" name="Test3" time="0.006"/>
  <system-out/>
  <testcase classname="testngprograms.Assignment_171" name="Test2" time="0.003"/>
  <system-out/>
</testsuite> <!-- testngprograms.Assignment_171 -->
