<?xml version="1.0" encoding="UTF-8"?>
<!-- Generated by org.testng.reporters.JUnitReportReporter -->
<testsuite hostname="Yashoda" failures="0" tests="1" name="testngprograms.Assignment_177" time="0.009" errors="0" timestamp="2025-01-07T19:57:34 IST" skipped="0">
  <testcase classname="testngprograms.Assignment_177" name="test3" time="0.009"/>
  <system-out/>
</testsuite> <!-- testngprograms.Assignment_177 -->
