<?xml version="1.0" encoding="UTF-8"?>
<!-- Generated by org.testng.reporters.JUnitReportReporter -->
<testsuite hostname="Yashoda" failures="0" tests="1" name="testngprograms.Two" time="0.012" errors="0" timestamp="2025-01-06T18:42:27 IST" skipped="0">
  <testcase classname="testngprograms.Two" name="testcase1" time="0.012"/>
  <system-out/>
</testsuite> <!-- testngprograms.Two -->
