<?xml version="1.0" encoding="UTF-8"?>
<!-- Generated by org.testng.reporters.JUnitReportReporter -->
<testsuite hostname="Yashoda" failures="0" tests="3" name="testngprograms.Assignment_172" time="0.021" errors="0" timestamp="2025-01-06T21:36:20 IST" skipped="0">
  <testcase classname="testngprograms.Assignment_172" name="Test1" time="0.008"/>
  <system-out/>
  <testcase classname="testngprograms.Assignment_172" name="Test2" time="0.011"/>
  <system-out/>
  <testcase classname="testngprograms.Assignment_172" name="Test3" time="0.002"/>
  <system-out/>
</testsuite> <!-- testngprograms.Assignment_172 -->
