<?xml version="1.0" encoding="UTF-8"?>
<!-- Generated by org.testng.reporters.JUnitReportReporter -->
<testsuite hostname="Yashoda" failures="0" tests="1" name="testngprograms.One" time="0.001" errors="0" timestamp="2025-01-06T18:42:27 IST" skipped="0">
  <testcase classname="testngprograms.One" name="testcase1" time="0.001"/>
  <system-out/>
</testsuite> <!-- testngprograms.One -->
