<?xml version="1.0" encoding="UTF-8"?>
<!-- Generated by org.testng.reporters.JUnitReportReporter -->
<testsuite hostname="Yashoda" failures="0" tests="2" name="testngprograms.Annutation1" time="0.009" errors="0" timestamp="2025-01-06T20:51:08 IST" skipped="0">
  <testcase classname="testngprograms.Annutation1" name="Test1" time="0.007"/>
  <system-out/>
  <testcase classname="testngprograms.Annutation1" name="Test2" time="0.002"/>
  <system-out/>
</testsuite> <!-- testngprograms.Annutation1 -->
