<?xml version="1.0" encoding="UTF-8"?>
<!-- Generated by org.testng.reporters.JUnitReportReporter -->
<testsuite hostname="Yashoda" failures="0" tests="3" name="testngprograms.Three" time="0.010" errors="0" timestamp="2025-01-06T19:39:53 IST" skipped="0">
  <testcase classname="testngprograms.Three" name="login" time="0.008"/>
  <system-out/>
  <testcase classname="testngprograms.Three" name="logout" time="0.001"/>
  <system-out/>
  <testcase classname="testngprograms.Three" name="regsitartation" time="0.001"/>
  <system-out/>
</testsuite> <!-- testngprograms.Three -->
