<?xml version="1.0" encoding="UTF-8"?>
<!-- Generated by org.testng.reporters.JUnitReportReporter -->
<testsuite hostname="Yashoda" failures="0" tests="3" name="testngprograms.Assignment_175" time="0.017" errors="0" timestamp="2025-01-07T19:58:08 IST" skipped="0">
  <testcase classname="testngprograms.Assignment_175" name="test1" time="0.013"/>
  <system-out/>
  <testcase classname="testngprograms.Assignment_175" name="test3" time="0.002"/>
  <system-out/>
  <testcase classname="testngprograms.Assignment_175" name="test2" time="0.002"/>
  <system-out/>
</testsuite> <!-- testngprograms.Assignment_175 -->
