<?xml version="1.0" encoding="UTF-8"?>
<!-- Generated by org.testng.reporters.JUnitReportReporter -->
<testsuite hostname="Yashoda" failures="0" tests="1" name="testngprograms.Assignment_180" time="7.452" errors="0" timestamp="2025-01-18T20:38:05 IST" skipped="0">
  <testcase classname="testngprograms.Assignment_180" name="amazon" time="7.452"/>
  <system-out/>
</testsuite> <!-- testngprograms.Assignment_180 -->
