<?xml version="1.0" encoding="UTF-8"?>
<!-- Generated by org.testng.reporters.JUnitReportReporter -->
<testsuite hostname="Yashoda" failures="0" tests="1" name="testngprograms.Assignment_181" time="6.333" errors="0" timestamp="2025-01-18T20:59:32 IST" skipped="0">
  <testcase classname="testngprograms.Assignment_181" name="google_assert" time="6.333"/>
  <system-out/>
</testsuite> <!-- testngprograms.Assignment_181 -->
