<?xml version="1.0" encoding="UTF-8"?>
<!-- Generated by org.testng.reporters.JUnitReportReporter -->
<testsuite hostname="Yashoda" failures="0" tests="1" name="testngprograms.Assignment_182" time="6.844" errors="0" timestamp="2025-01-18T21:51:27 IST" skipped="0">
  <testcase classname="testngprograms.Assignment_182" name="amazon_search" time="6.844"/>
  <system-out/>
</testsuite> <!-- testngprograms.Assignment_182 -->
